<?xml version="1.0" encoding="UTF-8"?>
<!-- Generated by org.testng.reporters.JUnitReportReporter -->
<testsuite hostname="DESKTOP-VQN1EHS" failures="1" tests="4" name="runner.PlaylistRunner" time="5.571" errors="0" timestamp="2026-02-19T08:28:04 IST" skipped="0">
  <testcase classname="runner.PlaylistRunner" name="runScenario" time="4.044"/>
  <system-out/>
  <testcase classname="runner.PlaylistRunner" name="runScenario" time="0.427"/>
  <system-out/>
  <testcase classname="runner.PlaylistRunner" name="runScenario" time="0.428">
    <failure message="1 expectation failed.
Expected status code &lt;201&gt; but was &lt;200&gt;.
" type="java.lang.AssertionError">
      <![CDATA[java.lang.AssertionError: 1 expectation failed.
Expected status code <201> but was <200>.

at org.codehaus.groovy.vmplugin.v8.IndyInterface.fromCache(IndyInterface.java:344)
at io.restassured.internal.ResponseSpecificationImpl$HamcrestAssertionClosure.validate(ResponseSpecificationImpl.groovy:516)
at org.codehaus.groovy.vmplugin.v8.IndyInterface.fromCache(IndyInterface.java:344)
at io.restassured.internal.ResponseSpecificationImpl.validateResponseIfRequired(ResponseSpecificationImpl.groovy:714)
at org.codehaus.groovy.vmplugin.v8.IndyInterface.fromCache(IndyInterface.java:344)
at io.restassured.internal.ResponseSpecificationImpl.statusCode(ResponseSpecificationImpl.groovy:139)
at org.codehaus.groovy.vmplugin.v8.IndyInterface.fromCache(IndyInterface.java:344)
at io.restassured.internal.ResponseSpecificationImpl.statusCode(ResponseSpecificationImpl.groovy:147)
at io.restassured.internal.ValidatableResponseOptionsImpl.statusCode(ValidatableResponseOptionsImpl.java:89)
at steps.PlaylistSteps.api_call_should_executes_with_status_code(PlaylistSteps.java:124)
at ✽.API call should executes with status code 201(file:///C:/Users/Gourav/eclipse-workspace/ATT13DecBDDRestAssuredFramework/src/test/resources/spotifyfeature/Playlist.feature:15)
]]>
    </failure>
  </testcase> <!-- runScenario -->
  <system-out/>
  <testcase classname="runner.PlaylistRunner" name="runScenario" time="0.672"/>
  <system-out/>
</testsuite> <!-- runner.PlaylistRunner -->
